[debug] [2023-04-26T16:15:18.155Z] ----------------------------------------------------------------------
[debug] [2023-04-26T16:15:18.157Z] Command:       C:\Program Files\nodejs\node.exe C:\Users\akaas\AppData\Roaming\npm\node_modules\firebase-tools\lib\bin\firebase.js init
[debug] [2023-04-26T16:15:18.157Z] CLI Version:   11.29.0
[debug] [2023-04-26T16:15:18.157Z] Platform:      win32
[debug] [2023-04-26T16:15:18.157Z] Node Version:  v18.15.0
[debug] [2023-04-26T16:15:18.158Z] Time:          Wed Apr 26 2023 21:45:18 GMT+0530 (India Standard Time)
[debug] [2023-04-26T16:15:18.158Z] ----------------------------------------------------------------------
[debug] 
[debug] [2023-04-26T16:15:18.163Z] > command requires scopes: ["email","openid","https://www.googleapis.com/auth/cloudplatformprojects.readonly","https://www.googleapis.com/auth/firebase","https://www.googleapis.com/auth/cloud-platform"]
[debug] [2023-04-26T16:15:18.163Z] > authorizing via signed-in user (akaashgupta2005@gmail.com)
[info] 
     ######## #### ########  ######## ########     ###     ######  ########
     ##        ##  ##     ## ##       ##     ##  ##   ##  ##       ##
     ######    ##  ########  ######   ########  #########  ######  ######
     ##        ##  ##    ##  ##       ##     ## ##     ##       ## ##
     ##       #### ##     ## ######## ########  ##     ##  ######  ########

You're about to initialize a Firebase project in this directory:

  C:\Users\akaas\OneDrive - BML MUNJAL UNIVERSITY\Desktop\Web-Dev\disney-clone

[info] 
=== Project Setup
[info] 
[info] First, let's associate this project directory with a Firebase project.
[info] You can create multiple project aliases by running firebase use --add, 
[info] but for now we'll just set up a default project.
[info] 
[debug] [2023-04-26T16:15:48.766Z] ----------------------------------------------------------------------
[debug] [2023-04-26T16:15:48.767Z] Command:       C:\Program Files\nodejs\node.exe C:\Users\akaas\AppData\Roaming\npm\node_modules\firebase-tools\lib\bin\firebase.js init
[debug] [2023-04-26T16:15:48.768Z] CLI Version:   11.29.0
[debug] [2023-04-26T16:15:48.768Z] Platform:      win32
[debug] [2023-04-26T16:15:48.768Z] Node Version:  v18.15.0
[debug] [2023-04-26T16:15:48.769Z] Time:          Wed Apr 26 2023 21:45:48 GMT+0530 (India Standard Time)
[debug] [2023-04-26T16:15:48.769Z] ----------------------------------------------------------------------
[debug] 
[debug] [2023-04-26T16:15:48.773Z] > command requires scopes: ["email","openid","https://www.googleapis.com/auth/cloudplatformprojects.readonly","https://www.googleapis.com/auth/firebase","https://www.googleapis.com/auth/cloud-platform"]
[debug] [2023-04-26T16:15:48.773Z] > authorizing via signed-in user (akaashgupta2005@gmail.com)
[info] 
     ######## #### ########  ######## ########     ###     ######  ########
     ##        ##  ##     ## ##       ##     ##  ##   ##  ##       ##
     ######    ##  ########  ######   ########  #########  ######  ######
     ##        ##  ##    ##  ##       ##     ## ##     ##       ## ##
     ##       #### ##     ## ######## ########  ##     ##  ######  ########

You're about to initialize a Firebase project in this directory:

  C:\Users\akaas\OneDrive - BML MUNJAL UNIVERSITY\Desktop\Web-Dev\disney-clone

[info] 
=== Project Setup
[info] 
[info] First, let's associate this project directory with a Firebase project.
[info] You can create multiple project aliases by running firebase use --add, 
[info] but for now we'll just set up a default project.
[info] 
[debug] [2023-04-26T16:16:05.943Z] >>> [apiv2][query] GET https://firebase.googleapis.com/v1beta1/projects pageSize=100
[debug] [2023-04-26T16:16:07.248Z] <<< [apiv2][status] GET https://firebase.googleapis.com/v1beta1/projects 200
[debug] [2023-04-26T16:16:07.248Z] <<< [apiv2][body] GET https://firebase.googleapis.com/v1beta1/projects [omitted]
[info] i  Using project disneyplus-clone-fdc48 (disneyplus-clone) 
[info] 
=== Database Setup
[info] i  database: ensuring required API firebasedatabase.googleapis.com is enabled... 
[debug] [2023-04-26T16:16:13.762Z] >>> [apiv2][query] GET https://serviceusage.googleapis.com/v1/projects/disneyplus-clone-fdc48/services/firebasedatabase.googleapis.com [none]
[debug] [2023-04-26T16:16:13.762Z] >>> [apiv2][(partial)header] GET https://serviceusage.googleapis.com/v1/projects/disneyplus-clone-fdc48/services/firebasedatabase.googleapis.com x-goog-quota-user=projects/disneyplus-clone-fdc48
[debug] [2023-04-26T16:16:16.100Z] <<< [apiv2][status] GET https://serviceusage.googleapis.com/v1/projects/disneyplus-clone-fdc48/services/firebasedatabase.googleapis.com 200
[debug] [2023-04-26T16:16:16.100Z] <<< [apiv2][body] GET https://serviceusage.googleapis.com/v1/projects/disneyplus-clone-fdc48/services/firebasedatabase.googleapis.com [omitted]
[warn] !  database: missing required API firebasedatabase.googleapis.com. Enabling now... 
[debug] [2023-04-26T16:16:16.101Z] >>> [apiv2][query] POST https://serviceusage.googleapis.com/v1/projects/disneyplus-clone-fdc48/services/firebasedatabase.googleapis.com:enable [none]
[debug] [2023-04-26T16:16:16.101Z] >>> [apiv2][(partial)header] POST https://serviceusage.googleapis.com/v1/projects/disneyplus-clone-fdc48/services/firebasedatabase.googleapis.com:enable x-goog-quota-user=projects/disneyplus-clone-fdc48
[debug] [2023-04-26T16:16:18.299Z] <<< [apiv2][status] POST https://serviceusage.googleapis.com/v1/projects/disneyplus-clone-fdc48/services/firebasedatabase.googleapis.com:enable 200
[debug] [2023-04-26T16:16:18.299Z] <<< [apiv2][body] POST https://serviceusage.googleapis.com/v1/projects/disneyplus-clone-fdc48/services/firebasedatabase.googleapis.com:enable [omitted]
[debug] [2023-04-26T16:16:28.302Z] >>> [apiv2][query] GET https://serviceusage.googleapis.com/v1/projects/disneyplus-clone-fdc48/services/firebasedatabase.googleapis.com [none]
[debug] [2023-04-26T16:16:28.302Z] >>> [apiv2][(partial)header] GET https://serviceusage.googleapis.com/v1/projects/disneyplus-clone-fdc48/services/firebasedatabase.googleapis.com x-goog-quota-user=projects/disneyplus-clone-fdc48
[debug] [2023-04-26T16:16:30.433Z] <<< [apiv2][status] GET https://serviceusage.googleapis.com/v1/projects/disneyplus-clone-fdc48/services/firebasedatabase.googleapis.com 200
[debug] [2023-04-26T16:16:30.433Z] <<< [apiv2][body] GET https://serviceusage.googleapis.com/v1/projects/disneyplus-clone-fdc48/services/firebasedatabase.googleapis.com [omitted]
[info] +  database: required API firebasedatabase.googleapis.com is enabled 
[info] 
[debug] [2023-04-26T16:16:30.436Z] >>> [apiv2][query] GET https://firebase.googleapis.com/v1beta1/projects/disneyplus-clone-fdc48 [none]
[debug] [2023-04-26T16:16:31.209Z] <<< [apiv2][status] GET https://firebase.googleapis.com/v1beta1/projects/disneyplus-clone-fdc48 200
[debug] [2023-04-26T16:16:31.209Z] <<< [apiv2][body] GET https://firebase.googleapis.com/v1beta1/projects/disneyplus-clone-fdc48 {"projectId":"disneyplus-clone-fdc48","projectNumber":"528825714809","displayName":"disneyplus-clone","name":"projects/disneyplus-clone-fdc48","resources":{"hostingSite":"disneyplus-clone-fdc48"},"state":"ACTIVE","etag":"1_9e435b5a-a1ad-4b07-b34f-e857c4589aa6"}
[debug] [2023-04-26T16:17:09.012Z] >>> [apiv2][query] POST https://firebasedatabase.googleapis.com/v1beta/projects/disneyplus-clone-fdc48/locations/us-central1/instances databaseId=disneyplus-clone-fdc48-default-rtdb&validateOnly=true
[debug] [2023-04-26T16:17:09.012Z] >>> [apiv2][body] POST https://firebasedatabase.googleapis.com/v1beta/projects/disneyplus-clone-fdc48/locations/us-central1/instances {"type":"default_database"}
[debug] [2023-04-26T16:17:10.399Z] <<< [apiv2][status] POST https://firebasedatabase.googleapis.com/v1beta/projects/disneyplus-clone-fdc48/locations/us-central1/instances 200
[debug] [2023-04-26T16:17:10.399Z] <<< [apiv2][body] POST https://firebasedatabase.googleapis.com/v1beta/projects/disneyplus-clone-fdc48/locations/us-central1/instances {"name":"projects/528825714809/locations/us-central1/instances/disneyplus-clone-fdc48-default-rtdb","project":"projects/528825714809","databaseUrl":"https://disneyplus-clone-fdc48-default-rtdb.firebaseio.com","type":"DEFAULT_DATABASE","state":"ACTIVE"}
[debug] [2023-04-26T16:17:10.401Z] >>> [apiv2][query] POST https://firebasedatabase.googleapis.com/v1beta/projects/disneyplus-clone-fdc48/locations/us-central1/instances databaseId=disneyplus-clone-fdc48-default-rtdb
[debug] [2023-04-26T16:17:10.401Z] >>> [apiv2][body] POST https://firebasedatabase.googleapis.com/v1beta/projects/disneyplus-clone-fdc48/locations/us-central1/instances {"type":"default_database"}
[debug] [2023-04-26T16:17:11.883Z] <<< [apiv2][status] POST https://firebasedatabase.googleapis.com/v1beta/projects/disneyplus-clone-fdc48/locations/us-central1/instances 200
[debug] [2023-04-26T16:17:11.883Z] <<< [apiv2][body] POST https://firebasedatabase.googleapis.com/v1beta/projects/disneyplus-clone-fdc48/locations/us-central1/instances {"name":"projects/528825714809/locations/us-central1/instances/disneyplus-clone-fdc48-default-rtdb","project":"projects/528825714809","databaseUrl":"https://disneyplus-clone-fdc48-default-rtdb.firebaseio.com","type":"DEFAULT_DATABASE","state":"ACTIVE"}
[info] 
[info] Firebase Realtime Database Security Rules allow you to define how your data should be
[info] structured and when your data can be read from and written to.
[info] 
[debug] [2023-04-26T16:17:42.474Z] >>> [apiv2][query] GET https://disneyplus-clone-fdc48-default-rtdb.firebaseio.com/.settings/rules.json [none]
[debug] [2023-04-26T16:17:43.649Z] <<< [apiv2][status] GET https://disneyplus-clone-fdc48-default-rtdb.firebaseio.com/.settings/rules.json 200
[debug] [2023-04-26T16:17:43.649Z] <<< [apiv2][body] GET https://disneyplus-clone-fdc48-default-rtdb.firebaseio.com/.settings/rules.json [stream]
[info] +  Database Rules for disneyplus-clone-fdc48-default-rtdb have been written to database.rules.json. 
[info] Future modifications to database.rules.json will update Realtime Database Security Rules when you run
[info] firebase deploy.
[info] 
=== Firestore Setup
[debug] [2023-04-26T16:17:43.654Z] >>> [apiv2][query] GET https://serviceusage.googleapis.com/v1/projects/disneyplus-clone-fdc48/services/firestore.googleapis.com [none]
[debug] [2023-04-26T16:17:43.654Z] >>> [apiv2][(partial)header] GET https://serviceusage.googleapis.com/v1/projects/disneyplus-clone-fdc48/services/firestore.googleapis.com x-goog-quota-user=projects/disneyplus-clone-fdc48
[debug] [2023-04-26T16:17:45.673Z] <<< [apiv2][status] GET https://serviceusage.googleapis.com/v1/projects/disneyplus-clone-fdc48/services/firestore.googleapis.com 200
[debug] [2023-04-26T16:17:45.673Z] <<< [apiv2][body] GET https://serviceusage.googleapis.com/v1/projects/disneyplus-clone-fdc48/services/firestore.googleapis.com [omitted]
[debug] [2023-04-26T16:17:45.673Z] >>> [apiv2][query] GET https://firestore.googleapis.com/v1/projects/disneyplus-clone-fdc48/databases/(default) [none]
[debug] [2023-04-26T16:17:47.620Z] <<< [apiv2][status] GET https://firestore.googleapis.com/v1/projects/disneyplus-clone-fdc48/databases/(default) 200
[debug] [2023-04-26T16:17:47.620Z] <<< [apiv2][body] GET https://firestore.googleapis.com/v1/projects/disneyplus-clone-fdc48/databases/(default) {"name":"projects/disneyplus-clone-fdc48/databases/(default)","uid":"72eaedbf-dc5f-4b5d-8c7c-886fe4109b12","createTime":"2023-04-23T14:27:30.751178Z","updateTime":"2023-04-23T14:27:30.751178Z","locationId":"nam5","type":"FIRESTORE_NATIVE","concurrencyMode":"PESSIMISTIC","appEngineIntegrationMode":"DISABLED","keyPrefix":"s","deleteProtectionState":"DELETE_PROTECTION_DISABLED","etag":"INLChqX5x/4CMJLJ4dOcwP4C"}
[debug] [2023-04-26T16:17:47.620Z] database_type: FIRESTORE_NATIVE
[debug] [2023-04-26T16:17:47.620Z] > command requires scopes: ["email","openid","https://www.googleapis.com/auth/cloudplatformprojects.readonly","https://www.googleapis.com/auth/firebase","https://www.googleapis.com/auth/cloud-platform"]
[debug] [2023-04-26T16:17:47.621Z] > authorizing via signed-in user (akaashgupta2005@gmail.com)
[debug] [2023-04-26T16:17:47.621Z] [iam] checking project disneyplus-clone-fdc48 for permissions ["firebase.projects.get"]
[debug] [2023-04-26T16:17:47.621Z] >>> [apiv2][query] POST https://cloudresourcemanager.googleapis.com/v1/projects/disneyplus-clone-fdc48:testIamPermissions [none]
[debug] [2023-04-26T16:17:47.621Z] >>> [apiv2][(partial)header] POST https://cloudresourcemanager.googleapis.com/v1/projects/disneyplus-clone-fdc48:testIamPermissions x-goog-quota-user=projects/disneyplus-clone-fdc48
[debug] [2023-04-26T16:17:47.621Z] >>> [apiv2][body] POST https://cloudresourcemanager.googleapis.com/v1/projects/disneyplus-clone-fdc48:testIamPermissions {"permissions":["firebase.projects.get"]}
[debug] [2023-04-26T16:17:48.124Z] <<< [apiv2][status] POST https://cloudresourcemanager.googleapis.com/v1/projects/disneyplus-clone-fdc48:testIamPermissions 200
[debug] [2023-04-26T16:17:48.124Z] <<< [apiv2][body] POST https://cloudresourcemanager.googleapis.com/v1/projects/disneyplus-clone-fdc48:testIamPermissions {"permissions":["firebase.projects.get"]}
[info] 
[info] Firestore Security Rules allow you to define how and when to allow
[info] requests. You can keep these rules in your project directory
[info] and publish them with firebase deploy.
[info] 
[debug] [2023-04-26T16:17:51.215Z] >>> [apiv2][query] GET https://firebaserules.googleapis.com/v1/projects/disneyplus-clone-fdc48/releases pageSize=10&pageToken=
[debug] [2023-04-26T16:17:51.818Z] <<< [apiv2][status] GET https://firebaserules.googleapis.com/v1/projects/disneyplus-clone-fdc48/releases 200
[debug] [2023-04-26T16:17:51.818Z] <<< [apiv2][body] GET https://firebaserules.googleapis.com/v1/projects/disneyplus-clone-fdc48/releases {"releases":[{"name":"projects/disneyplus-clone-fdc48/releases/cloud.firestore","rulesetName":"projects/disneyplus-clone-fdc48/rulesets/29f39a7f-bd7d-469a-9d64-a791fd6fe57f","createTime":"2023-04-23T14:27:36.647379Z","updateTime":"2023-04-23T14:27:36.647379Z"}]}
[debug] [2023-04-26T16:17:51.819Z] Found ruleset: projects/disneyplus-clone-fdc48/rulesets/29f39a7f-bd7d-469a-9d64-a791fd6fe57f
[debug] [2023-04-26T16:17:51.819Z] >>> [apiv2][query] GET https://firebaserules.googleapis.com/v1/projects/disneyplus-clone-fdc48/rulesets/29f39a7f-bd7d-469a-9d64-a791fd6fe57f [none]
[debug] [2023-04-26T16:17:53.433Z] <<< [apiv2][status] GET https://firebaserules.googleapis.com/v1/projects/disneyplus-clone-fdc48/rulesets/29f39a7f-bd7d-469a-9d64-a791fd6fe57f 200
[debug] [2023-04-26T16:17:53.433Z] <<< [apiv2][body] GET https://firebaserules.googleapis.com/v1/projects/disneyplus-clone-fdc48/rulesets/29f39a7f-bd7d-469a-9d64-a791fd6fe57f [omitted]
[info] 
[info] Firestore indexes allow you to perform complex queries while
[info] maintaining performance that scales with the size of the result
[info] set. You can keep index definitions in your project directory
[info] and publish them with firebase deploy.
[info] 
[debug] [2023-04-26T16:17:56.676Z] >>> [apiv2][query] GET https://firestore.googleapis.com/v1/projects/disneyplus-clone-fdc48/databases/(default)/collectionGroups/-/indexes [none]
[debug] [2023-04-26T16:17:56.678Z] >>> [apiv2][query] GET https://firestore.googleapis.com/v1/projects/disneyplus-clone-fdc48/databases/(default)/collectionGroups/-/fields?filter=indexConfig.usesAncestorConfig=false OR ttlConfig:* [none]
[debug] [2023-04-26T16:17:58.561Z] <<< [apiv2][status] GET https://firestore.googleapis.com/v1/projects/disneyplus-clone-fdc48/databases/(default)/collectionGroups/-/fields?filter=indexConfig.usesAncestorConfig=false OR ttlConfig:* 200
[debug] [2023-04-26T16:17:58.561Z] <<< [apiv2][body] GET https://firestore.googleapis.com/v1/projects/disneyplus-clone-fdc48/databases/(default)/collectionGroups/-/fields?filter=indexConfig.usesAncestorConfig=false OR ttlConfig:* {"fields":[{"name":"projects/disneyplus-clone-fdc48/databases/(default)/collectionGroups/__default__/fields/*","indexConfig":{"indexes":[{"queryScope":"COLLECTION","fields":[{"fieldPath":"*","order":"ASCENDING"}],"state":"READY"},{"queryScope":"COLLECTION","fields":[{"fieldPath":"*","order":"DESCENDING"}],"state":"READY"},{"queryScope":"COLLECTION","fields":[{"fieldPath":"*","arrayConfig":"CONTAINS"}],"state":"READY"}]}}]}
[debug] [2023-04-26T16:17:58.567Z] <<< [apiv2][status] GET https://firestore.googleapis.com/v1/projects/disneyplus-clone-fdc48/databases/(default)/collectionGroups/-/indexes 200
[debug] [2023-04-26T16:17:58.567Z] <<< [apiv2][body] GET https://firestore.googleapis.com/v1/projects/disneyplus-clone-fdc48/databases/(default)/collectionGroups/-/indexes {}
[info] 
=== Functions Setup
[debug] [2023-04-26T16:17:58.568Z] > command requires scopes: ["email","openid","https://www.googleapis.com/auth/cloudplatformprojects.readonly","https://www.googleapis.com/auth/firebase","https://www.googleapis.com/auth/cloud-platform"]
[debug] [2023-04-26T16:17:58.568Z] > authorizing via signed-in user (akaashgupta2005@gmail.com)
[debug] [2023-04-26T16:17:58.569Z] [iam] checking project disneyplus-clone-fdc48 for permissions ["firebase.projects.get"]
[debug] [2023-04-26T16:17:58.569Z] >>> [apiv2][query] POST https://cloudresourcemanager.googleapis.com/v1/projects/disneyplus-clone-fdc48:testIamPermissions [none]
[debug] [2023-04-26T16:17:58.569Z] >>> [apiv2][(partial)header] POST https://cloudresourcemanager.googleapis.com/v1/projects/disneyplus-clone-fdc48:testIamPermissions x-goog-quota-user=projects/disneyplus-clone-fdc48
[debug] [2023-04-26T16:17:58.569Z] >>> [apiv2][body] POST https://cloudresourcemanager.googleapis.com/v1/projects/disneyplus-clone-fdc48:testIamPermissions {"permissions":["firebase.projects.get"]}
[debug] [2023-04-26T16:18:00.141Z] <<< [apiv2][status] POST https://cloudresourcemanager.googleapis.com/v1/projects/disneyplus-clone-fdc48:testIamPermissions 200
[debug] [2023-04-26T16:18:00.141Z] <<< [apiv2][body] POST https://cloudresourcemanager.googleapis.com/v1/projects/disneyplus-clone-fdc48:testIamPermissions {"permissions":["firebase.projects.get"]}
[debug] [2023-04-26T16:18:00.142Z] >>> [apiv2][query] GET https://serviceusage.googleapis.com/v1/projects/disneyplus-clone-fdc48/services/cloudfunctions.googleapis.com [none]
[debug] [2023-04-26T16:18:00.142Z] >>> [apiv2][(partial)header] GET https://serviceusage.googleapis.com/v1/projects/disneyplus-clone-fdc48/services/cloudfunctions.googleapis.com x-goog-quota-user=projects/disneyplus-clone-fdc48
[debug] [2023-04-26T16:18:00.143Z] >>> [apiv2][query] GET https://serviceusage.googleapis.com/v1/projects/disneyplus-clone-fdc48/services/runtimeconfig.googleapis.com [none]
[debug] [2023-04-26T16:18:00.143Z] >>> [apiv2][(partial)header] GET https://serviceusage.googleapis.com/v1/projects/disneyplus-clone-fdc48/services/runtimeconfig.googleapis.com x-goog-quota-user=projects/disneyplus-clone-fdc48
[debug] [2023-04-26T16:18:02.182Z] <<< [apiv2][status] GET https://serviceusage.googleapis.com/v1/projects/disneyplus-clone-fdc48/services/runtimeconfig.googleapis.com 200
[debug] [2023-04-26T16:18:02.183Z] <<< [apiv2][body] GET https://serviceusage.googleapis.com/v1/projects/disneyplus-clone-fdc48/services/runtimeconfig.googleapis.com [omitted]
[debug] [2023-04-26T16:18:02.222Z] <<< [apiv2][status] GET https://serviceusage.googleapis.com/v1/projects/disneyplus-clone-fdc48/services/cloudfunctions.googleapis.com 200
[debug] [2023-04-26T16:18:02.222Z] <<< [apiv2][body] GET https://serviceusage.googleapis.com/v1/projects/disneyplus-clone-fdc48/services/cloudfunctions.googleapis.com [omitted]
[debug] [2023-04-26T16:18:02.222Z] >>> [apiv2][query] POST https://serviceusage.googleapis.com/v1/projects/disneyplus-clone-fdc48/services/cloudfunctions.googleapis.com:enable [none]
[debug] [2023-04-26T16:18:02.222Z] >>> [apiv2][(partial)header] POST https://serviceusage.googleapis.com/v1/projects/disneyplus-clone-fdc48/services/cloudfunctions.googleapis.com:enable x-goog-quota-user=projects/disneyplus-clone-fdc48
[debug] [2023-04-26T16:18:04.542Z] <<< [apiv2][status] POST https://serviceusage.googleapis.com/v1/projects/disneyplus-clone-fdc48/services/cloudfunctions.googleapis.com:enable 200
[debug] [2023-04-26T16:18:04.542Z] <<< [apiv2][body] POST https://serviceusage.googleapis.com/v1/projects/disneyplus-clone-fdc48/services/cloudfunctions.googleapis.com:enable [omitted]
[debug] [2023-04-26T16:18:14.557Z] >>> [apiv2][query] GET https://serviceusage.googleapis.com/v1/projects/disneyplus-clone-fdc48/services/cloudfunctions.googleapis.com [none]
[debug] [2023-04-26T16:18:14.557Z] >>> [apiv2][(partial)header] GET https://serviceusage.googleapis.com/v1/projects/disneyplus-clone-fdc48/services/cloudfunctions.googleapis.com x-goog-quota-user=projects/disneyplus-clone-fdc48
[debug] [2023-04-26T16:18:16.546Z] <<< [apiv2][status] GET https://serviceusage.googleapis.com/v1/projects/disneyplus-clone-fdc48/services/cloudfunctions.googleapis.com 200
[debug] [2023-04-26T16:18:16.547Z] <<< [apiv2][body] GET https://serviceusage.googleapis.com/v1/projects/disneyplus-clone-fdc48/services/cloudfunctions.googleapis.com [omitted]
[info] Let's create a new codebase for your functions.
[info] A directory corresponding to the codebase will be created in your project
[info] with sample code pre-configured.

[info] See https://firebase.google.com/docs/functions/organize-functions for
[info] more information on organizing your functions using codebases.

[info] Functions can be deployed with firebase deploy.

[info] +  Wrote functions/package.json 
[info] +  Wrote functions/.eslintrc.js 
[info] +  Wrote functions/index.js 
[info] +  Wrote functions/.gitignore 
[info] 
=== Hosting Setup
[info] 
[info] Your public directory is the folder (relative to your project directory) that
[info] will contain Hosting assets to be uploaded with firebase deploy. If you
[info] have a build process for your assets, use your build's output directory.
[info] 
[debug] [2023-04-26T16:19:26.834Z] >>> [apiv2][query] GET https://www.gstatic.com/firebasejs/releases.json [none]
[debug] [2023-04-26T16:19:27.103Z] <<< [apiv2][status] GET https://www.gstatic.com/firebasejs/releases.json 200
[debug] [2023-04-26T16:19:27.103Z] <<< [apiv2][body] GET https://www.gstatic.com/firebasejs/releases.json {"current":{"version":"9.20.0","browserURL":"https://www.gstatic.com/firebasejs/9.20.0/firebase.js","packageURL":"https://www.gstatic.com/firebasejs/9.20.0/firebase.tgz"},"live":{"version":"9.20","browserURL":"https://www.gstatic.com/firebasejs/live/9.20/firebase.js","packageURL":"https://www.gstatic.com/firebasejs/live/9.20/firebase.tgz"},"components":{"analytics":"https://www.gstatic.com/firebasejs/9.20.0/firebase-analytics.js","app":"https://www.gstatic.com/firebasejs/9.20.0/firebase-app.js","app-check":"https://www.gstatic.com/firebasejs/9.20.0/firebase-app-check.js","auth":"https://www.gstatic.com/firebasejs/9.20.0/firebase-auth.js","auth/cordova":"https://www.gstatic.com/firebasejs/9.20.0/firebase-auth/cordova.js","auth/react-native":"https://www.gstatic.com/firebasejs/9.20.0/firebase-auth/react-native.js","functions":"https://www.gstatic.com/firebasejs/9.20.0/firebase-functions.js","firestore":"https://www.gstatic.com/firebasejs/9.20.0/firebase-firestore.js","firestore/lite":"https://www.gstatic.com/firebasejs/9.20.0/firebase-firestore/lite.js","installations":"https://www.gstatic.com/firebasejs/9.20.0/firebase-installations.js","storage":"https://www.gstatic.com/firebasejs/9.20.0/firebase-storage.js","performance":"https://www.gstatic.com/firebasejs/9.20.0/firebase-performance.js","remote-config":"https://www.gstatic.com/firebasejs/9.20.0/firebase-remote-config.js","messaging":"https://www.gstatic.com/firebasejs/9.20.0/firebase-messaging.js","messaging/sw":"https://www.gstatic.com/firebasejs/9.20.0/firebase-messaging/sw.js","database":"https://www.gstatic.com/firebasejs/9.20.0/firebase-database.js","firestore.memory":"https://www.gstatic.com/firebasejs/9.20.0/firebase-firestore.memory.js"}}
[info] +  Wrote Y/index.html 
[info] 
[info] i  Detected a .git folder at C:\Users\akaas\OneDrive - BML MUNJAL UNIVERSITY\Desktop\Web-Dev\disney-clone 
[info] i  Authorizing with GitHub to upload your service account to a GitHub repository's secrets store. 
[info] 
[info] Visit this URL on this device to log in:
[info] https://github.com/login/oauth/authorize?client_id=89cf50f02ac6aaed3484&state=745558101&redirect_uri=http%3A%2F%2Flocalhost%3A9005&scope=read%3Auser%20repo%20public_repo
[info] 
[info] Waiting for authentication...
[debug] [2023-04-26T16:19:35.898Z] >>> [apiv2][query] POST https://github.com/login/oauth/access_token [none]
[debug] [2023-04-26T16:19:35.898Z] >>> [apiv2][body] POST https://github.com/login/oauth/access_token [stream]
[debug] [2023-04-26T16:19:36.732Z] <<< [apiv2][status] POST https://github.com/login/oauth/access_token 200
[debug] [2023-04-26T16:19:36.733Z] <<< [apiv2][body] POST https://github.com/login/oauth/access_token {"access_token":"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","token_type":"bearer","scope":"read:user,repo"}
[debug] [2023-04-26T16:19:36.741Z] >>> [apiv2][query] GET https://api.github.com/user [none]
[debug] [2023-04-26T16:19:37.180Z] <<< [apiv2][status] GET https://api.github.com/user 200
[debug] [2023-04-26T16:19:37.180Z] <<< [apiv2][body] GET https://api.github.com/user {"login":"akaashvandanapu","id":116731095,"node_id":"U_kgDOBvUs1w","avatar_url":"https://avatars.githubusercontent.com/u/116731095?v=4","gravatar_id":"","url":"https://api.github.com/users/akaashvandanapu","html_url":"https://github.com/akaashvandanapu","followers_url":"https://api.github.com/users/akaashvandanapu/followers","following_url":"https://api.github.com/users/akaashvandanapu/following{/other_user}","gists_url":"https://api.github.com/users/akaashvandanapu/gists{/gist_id}","starred_url":"https://api.github.com/users/akaashvandanapu/starred{/owner}{/repo}","subscriptions_url":"https://api.github.com/users/akaashvandanapu/subscriptions","organizations_url":"https://api.github.com/users/akaashvandanapu/orgs","repos_url":"https://api.github.com/users/akaashvandanapu/repos","events_url":"https://api.github.com/users/akaashvandanapu/events{/privacy}","received_events_url":"https://api.github.com/users/akaashvandanapu/received_events","type":"User","site_admin":false,"name":"Akaash Gupta","company":null,"blog":"","location":null,"email":null,"hireable":null,"bio":"Hey, I am Akaash Gupta. I am a student at BMU Munjal University pursuing Computer Science Programme ( 2022-2023 ). ","twitter_username":null,"public_repos":2,"public_gists":0,"followers":0,"following":1,"created_at":"2022-10-26T12:47:27Z","updated_at":"2023-04-17T16:50:42Z","private_gists":0,"total_private_repos":1,"owned_private_repos":1,"disk_usage":5867,"collaborators":0,"two_factor_authentication":false,"plan":{"name":"pro","space":976562499,"collaborators":0,"private_repos":9999}}
[info] 
[info] +  Success! Logged into GitHub as akaashvandanapu 
[info] 
[debug] [2023-04-26T16:19:53.901Z] >>> [apiv2][query] GET https://api.github.com/repos//actions/secrets/public-key type=owner
[debug] [2023-04-26T16:19:54.244Z] <<< [apiv2][status] GET https://api.github.com/repos//actions/secrets/public-key 404
[debug] [2023-04-26T16:19:54.244Z] <<< [apiv2][body] GET https://api.github.com/repos//actions/secrets/public-key {"message":"Not Found","documentation_url":"https://docs.github.com/rest"}
[info] 
[info] 
[error] !  The provided authorization cannot be used with this repository. If this repository is in an organization, did you remember to grant access? 
[info] 
[info] i  Action required: Visit this URL to ensure access has been granted to the appropriate organization(s) for the Firebase CLI GitHub OAuth App: 
[info] https://github.com/settings/connections/applications/89cf50f02ac6aaed3484
[info] 
[debug] [2023-04-26T16:21:08.443Z] >>> [apiv2][query] GET https://api.github.com/repos/Disney-clone/actions/secrets/public-key type=owner
[debug] [2023-04-26T16:21:08.831Z] <<< [apiv2][status] GET https://api.github.com/repos/Disney-clone/actions/secrets/public-key 404
[debug] [2023-04-26T16:21:08.832Z] <<< [apiv2][body] GET https://api.github.com/repos/Disney-clone/actions/secrets/public-key {"message":"Not Found","documentation_url":"https://docs.github.com/rest"}
[info] 
[info] 
[error] !  The provided authorization cannot be used with this repository. If this repository is in an organization, did you remember to grant access? 
[info] 
[info] i  Action required: Visit this URL to ensure access has been granted to the appropriate organization(s) for the Firebase CLI GitHub OAuth App: 
[info] https://github.com/settings/connections/applications/89cf50f02ac6aaed3484
[info] 
[debug] [2023-04-26T16:21:15.614Z] >>> [apiv2][query] GET https://api.github.com/repos//actions/secrets/public-key type=owner
[debug] [2023-04-26T16:21:15.992Z] <<< [apiv2][status] GET https://api.github.com/repos//actions/secrets/public-key 404
[debug] [2023-04-26T16:21:15.992Z] <<< [apiv2][body] GET https://api.github.com/repos//actions/secrets/public-key {"message":"Not Found","documentation_url":"https://docs.github.com/rest"}
[info] 
[info] 
[error] !  The provided authorization cannot be used with this repository. If this repository is in an organization, did you remember to grant access? 
[info] 
[info] i  Action required: Visit this URL to ensure access has been granted to the appropriate organization(s) for the Firebase CLI GitHub OAuth App: 
[info] https://github.com/settings/connections/applications/89cf50f02ac6aaed3484
[info] 
[debug] [2023-04-26T16:22:10.268Z] >>> [apiv2][query] GET https://api.github.com/repos//actions/secrets/public-key type=owner
[debug] [2023-04-26T16:22:10.678Z] <<< [apiv2][status] GET https://api.github.com/repos//actions/secrets/public-key 401
[debug] [2023-04-26T16:22:10.678Z] <<< [apiv2][body] GET https://api.github.com/repos//actions/secrets/public-key {"message":"Bad credentials","documentation_url":"https://docs.github.com/rest"}
[debug] [2023-04-26T16:22:13.863Z] >>> [apiv2][query] GET https://api.github.com/repos//actions/secrets/public-key type=owner
[debug] [2023-04-26T16:22:14.277Z] <<< [apiv2][status] GET https://api.github.com/repos//actions/secrets/public-key 401
[debug] [2023-04-26T16:22:14.277Z] <<< [apiv2][body] GET https://api.github.com/repos//actions/secrets/public-key {"message":"Bad credentials","documentation_url":"https://docs.github.com/rest"}
